{"C:\\Users\\Valdo\\Desktop\\vitalrack\\backend\\src\\app.ts": {"path":"C:\\Users\\Valdo\\Desktop\\vitalrack\\backend\\src\\app.ts","statementMap":{"0":{"start":{"line":2,"column":0},"end":{"line":2,"column":28}},"1":{"start":{"line":3,"column":0},"end":{"line":3,"column":16}},"2":{"start":{"line":5,"column":0},"end":{"line":5,"column":53}},"3":{"start":{"line":6,"column":0},"end":{"line":6,"column":39}},"4":{"start":{"line":7,"column":0},"end":{"line":7,"column":49}},"5":{"start":{"line":8,"column":0},"end":{"line":8,"column":47}},"6":{"start":{"line":10,"column":12},"end":{"line":10,"column":21}},"7":{"start":{"line":13,"column":0},"end":{"line":13,"column":24}},"8":{"start":{"line":16,"column":0},"end":{"line":16,"column":29}},"9":{"start":{"line":17,"column":0},"end":{"line":17,"column":39}},"10":{"start":{"line":18,"column":0},"end":{"line":18,"column":37}},"11":{"start":{"line":21,"column":0},"end":{"line":24,"column":3}},"12":{"start":{"line":22,"column":2},"end":{"line":22,"column":21}},"13":{"start":{"line":23,"column":2},"end":{"line":23,"column":62}},"14":{"start":{"line":26,"column":0},"end":{"line":26,"column":19}}},"fnMap":{"0":{"name":"(anonymous_1)","decl":{"start":{"line":21,"column":8},"end":{"line":21,"column":9}},"loc":{"start":{"line":21,"column":52},"end":{"line":24,"column":1}}}},"branchMap":{},"s":{"0":1,"1":1,"2":1,"3":1,"4":1,"5":1,"6":1,"7":1,"8":1,"9":1,"10":1,"11":1,"12":0,"13":0,"14":1},"f":{"0":0},"b":{}}
,"C:\\Users\\Valdo\\Desktop\\vitalrack\\backend\\src\\controllers\\authController.ts": {"path":"C:\\Users\\Valdo\\Desktop\\vitalrack\\backend\\src\\controllers\\authController.ts","statementMap":{"0":{"start":{"line":3,"column":0},"end":{"line":3,"column":31}},"1":{"start":{"line":4,"column":0},"end":{"line":4,"column":45}},"2":{"start":{"line":6,"column":19},"end":{"line":6,"column":42}},"3":{"start":{"line":8,"column":40},"end":{"line":26,"column":1}},"4":{"start":{"line":9,"column":2},"end":{"line":25,"column":null}},"5":{"start":{"line":10,"column":32},"end":{"line":10,"column":40}},"6":{"start":{"line":11,"column":4},"end":{"line":14,"column":null}},"7":{"start":{"line":12,"column":6},"end":{"line":12,"column":52}},"8":{"start":{"line":13,"column":6},"end":{"line":13,"column":13}},"9":{"start":{"line":15,"column":4},"end":{"line":18,"column":null}},"10":{"start":{"line":16,"column":6},"end":{"line":16,"column":57}},"11":{"start":{"line":17,"column":6},"end":{"line":17,"column":13}},"12":{"start":{"line":19,"column":17},"end":{"line":19,"column":55}},"13":{"start":{"line":20,"column":18},"end":{"line":20,"column":77}},"14":{"start":{"line":21,"column":4},"end":{"line":21,"column":36}},"15":{"start":{"line":22,"column":4},"end":{"line":22,"column":11}},"16":{"start":{"line":24,"column":4},"end":{"line":24,"column":14}},"17":{"start":{"line":8,"column":13},"end":{"line":8,"column":40}},"18":{"start":{"line":28,"column":37},"end":{"line":46,"column":1}},"19":{"start":{"line":29,"column":2},"end":{"line":45,"column":null}},"20":{"start":{"line":30,"column":32},"end":{"line":30,"column":40}},"21":{"start":{"line":31,"column":4},"end":{"line":34,"column":null}},"22":{"start":{"line":32,"column":6},"end":{"line":32,"column":52}},"23":{"start":{"line":33,"column":6},"end":{"line":33,"column":13}},"24":{"start":{"line":35,"column":18},"end":{"line":35,"column":47}},"25":{"start":{"line":36,"column":4},"end":{"line":39,"column":null}},"26":{"start":{"line":37,"column":6},"end":{"line":37,"column":62}},"27":{"start":{"line":38,"column":6},"end":{"line":38,"column":13}},"28":{"start":{"line":40,"column":18},"end":{"line":40,"column":77}},"29":{"start":{"line":41,"column":4},"end":{"line":41,"column":24}},"30":{"start":{"line":42,"column":4},"end":{"line":42,"column":11}},"31":{"start":{"line":44,"column":4},"end":{"line":44,"column":14}},"32":{"start":{"line":28,"column":13},"end":{"line":28,"column":37}}},"fnMap":{"0":{"name":"(anonymous_1)","decl":{"start":{"line":8,"column":40},"end":{"line":8,"column":45}},"loc":{"start":{"line":8,"column":65},"end":{"line":26,"column":1}}},"1":{"name":"(anonymous_2)","decl":{"start":{"line":28,"column":37},"end":{"line":28,"column":42}},"loc":{"start":{"line":28,"column":62},"end":{"line":46,"column":1}}}},"branchMap":{"0":{"loc":{"start":{"line":11,"column":4},"end":{"line":14,"column":null}},"type":"if","locations":[{"start":{"line":11,"column":4},"end":{"line":14,"column":null}}]},"1":{"loc":{"start":{"line":11,"column":8},"end":{"line":11,"column":27}},"type":"binary-expr","locations":[{"start":{"line":11,"column":8},"end":{"line":11,"column":14}},{"start":{"line":11,"column":18},"end":{"line":11,"column":27}}]},"2":{"loc":{"start":{"line":15,"column":4},"end":{"line":18,"column":null}},"type":"if","locations":[{"start":{"line":15,"column":4},"end":{"line":18,"column":null}}]},"3":{"loc":{"start":{"line":31,"column":4},"end":{"line":34,"column":null}},"type":"if","locations":[{"start":{"line":31,"column":4},"end":{"line":34,"column":null}}]},"4":{"loc":{"start":{"line":31,"column":8},"end":{"line":31,"column":27}},"type":"binary-expr","locations":[{"start":{"line":31,"column":8},"end":{"line":31,"column":14}},{"start":{"line":31,"column":18},"end":{"line":31,"column":27}}]},"5":{"loc":{"start":{"line":36,"column":4},"end":{"line":39,"column":null}},"type":"if","locations":[{"start":{"line":36,"column":4},"end":{"line":39,"column":null}}]},"6":{"loc":{"start":{"line":36,"column":8},"end":{"line":36,"column":56}},"type":"binary-expr","locations":[{"start":{"line":36,"column":8},"end":{"line":36,"column":13}},{"start":{"line":36,"column":17},"end":{"line":36,"column":56}}]}},"s":{"0":1,"1":1,"2":1,"3":1,"4":1,"5":1,"6":1,"7":0,"8":0,"9":1,"10":0,"11":0,"12":1,"13":1,"14":1,"15":1,"16":0,"17":1,"18":1,"19":0,"20":0,"21":0,"22":0,"23":0,"24":0,"25":0,"26":0,"27":0,"28":0,"29":0,"30":0,"31":0,"32":1},"f":{"0":1,"1":0},"b":{"0":[0],"1":[1,1],"2":[0],"3":[0],"4":[0,0],"5":[0],"6":[0,0]}}
,"C:\\Users\\Valdo\\Desktop\\vitalrack\\backend\\src\\controllers\\nutritionController.ts": {"path":"C:\\Users\\Valdo\\Desktop\\vitalrack\\backend\\src\\controllers\\nutritionController.ts","statementMap":{"0":{"start":{"line":3,"column":0},"end":{"line":3,"column":33}},"1":{"start":{"line":4,"column":0},"end":{"line":4,"column":59}},"2":{"start":{"line":5,"column":0},"end":{"line":5,"column":48}},"3":{"start":{"line":11,"column":22},"end":{"line":24,"column":1}},"4":{"start":{"line":12,"column":2},"end":{"line":23,"column":null}},"5":{"start":{"line":13,"column":15},"end":{"line":13,"column":45}},"6":{"start":{"line":14,"column":4},"end":{"line":17,"column":null}},"7":{"start":{"line":15,"column":6},"end":{"line":15,"column":78}},"8":{"start":{"line":16,"column":6},"end":{"line":16,"column":13}},"9":{"start":{"line":19,"column":20},"end":{"line":19,"column":40}},"10":{"start":{"line":20,"column":4},"end":{"line":20,"column":33}},"11":{"start":{"line":22,"column":4},"end":{"line":22,"column":14}},"12":{"start":{"line":11,"column":13},"end":{"line":11,"column":22}},"13":{"start":{"line":31,"column":30},"end":{"line":70,"column":1}},"14":{"start":{"line":36,"column":2},"end":{"line":69,"column":null}},"15":{"start":{"line":38,"column":4},"end":{"line":41,"column":null}},"16":{"start":{"line":39,"column":6},"end":{"line":39,"column":53}},"17":{"start":{"line":40,"column":6},"end":{"line":40,"column":13}},"18":{"start":{"line":43,"column":33},"end":{"line":43,"column":41}},"19":{"start":{"line":46,"column":4},"end":{"line":56,"column":null}},"20":{"start":{"line":52,"column":6},"end":{"line":54,"column":9}},"21":{"start":{"line":55,"column":6},"end":{"line":55,"column":13}},"22":{"start":{"line":59,"column":24},"end":{"line":63,"column":6}},"23":{"start":{"line":66,"column":4},"end":{"line":66,"column":42}},"24":{"start":{"line":68,"column":4},"end":{"line":68,"column":14}},"25":{"start":{"line":31,"column":13},"end":{"line":31,"column":30}}},"fnMap":{"0":{"name":"(anonymous_1)","decl":{"start":{"line":11,"column":22},"end":{"line":11,"column":27}},"loc":{"start":{"line":11,"column":95},"end":{"line":24,"column":1}}},"1":{"name":"(anonymous_2)","decl":{"start":{"line":31,"column":30},"end":{"line":31,"column":35}},"loc":{"start":{"line":35,"column":19},"end":{"line":70,"column":1}}}},"branchMap":{"0":{"loc":{"start":{"line":14,"column":4},"end":{"line":17,"column":null}},"type":"if","locations":[{"start":{"line":14,"column":4},"end":{"line":17,"column":null}}]},"1":{"loc":{"start":{"line":38,"column":4},"end":{"line":41,"column":null}},"type":"if","locations":[{"start":{"line":38,"column":4},"end":{"line":41,"column":null}}]},"2":{"loc":{"start":{"line":46,"column":4},"end":{"line":56,"column":null}},"type":"if","locations":[{"start":{"line":46,"column":4},"end":{"line":56,"column":null}}]},"3":{"loc":{"start":{"line":47,"column":6},"end":{"line":50,"column":19}},"type":"binary-expr","locations":[{"start":{"line":47,"column":6},"end":{"line":47,"column":32}},{"start":{"line":48,"column":6},"end":{"line":48,"column":37}},{"start":{"line":49,"column":6},"end":{"line":49,"column":34}},{"start":{"line":50,"column":6},"end":{"line":50,"column":19}}]}},"s":{"0":1,"1":1,"2":1,"3":1,"4":0,"5":0,"6":0,"7":0,"8":0,"9":0,"10":0,"11":0,"12":1,"13":1,"14":0,"15":0,"16":0,"17":0,"18":0,"19":0,"20":0,"21":0,"22":0,"23":0,"24":0,"25":1},"f":{"0":0,"1":0},"b":{"0":[0],"1":[0],"2":[0],"3":[0,0,0,0]}}
,"C:\\Users\\Valdo\\Desktop\\vitalrack\\backend\\src\\controllers\\trainingController.ts": {"path":"C:\\Users\\Valdo\\Desktop\\vitalrack\\backend\\src\\controllers\\trainingController.ts","statementMap":{"0":{"start":{"line":3,"column":0},"end":{"line":3,"column":33}},"1":{"start":{"line":4,"column":0},"end":{"line":4,"column":65}},"2":{"start":{"line":5,"column":0},"end":{"line":5,"column":62}},"3":{"start":{"line":12,"column":31},"end":{"line":56,"column":1}},"4":{"start":{"line":17,"column":2},"end":{"line":55,"column":null}},"5":{"start":{"line":18,"column":4},"end":{"line":21,"column":null}},"6":{"start":{"line":19,"column":6},"end":{"line":19,"column":53}},"7":{"start":{"line":20,"column":6},"end":{"line":20,"column":13}},"8":{"start":{"line":23,"column":28},"end":{"line":23,"column":71}},"9":{"start":{"line":24,"column":4},"end":{"line":27,"column":null}},"10":{"start":{"line":25,"column":6},"end":{"line":25,"column":77}},"11":{"start":{"line":26,"column":6},"end":{"line":26,"column":13}},"12":{"start":{"line":30,"column":35},"end":{"line":44,"column":6}},"13":{"start":{"line":46,"column":20},"end":{"line":50,"column":18}},"14":{"start":{"line":52,"column":4},"end":{"line":52,"column":38}},"15":{"start":{"line":54,"column":4},"end":{"line":54,"column":14}},"16":{"start":{"line":12,"column":13},"end":{"line":12,"column":31}},"17":{"start":{"line":61,"column":28},"end":{"line":76,"column":1}},"18":{"start":{"line":66,"column":2},"end":{"line":75,"column":null}},"19":{"start":{"line":67,"column":4},"end":{"line":70,"column":null}},"20":{"start":{"line":68,"column":6},"end":{"line":68,"column":53}},"21":{"start":{"line":69,"column":6},"end":{"line":69,"column":13}},"22":{"start":{"line":71,"column":21},"end":{"line":71,"column":87}},"23":{"start":{"line":72,"column":4},"end":{"line":72,"column":27}},"24":{"start":{"line":74,"column":4},"end":{"line":74,"column":14}},"25":{"start":{"line":61,"column":13},"end":{"line":61,"column":28}},"26":{"start":{"line":82,"column":26},"end":{"line":130,"column":1}},"27":{"start":{"line":87,"column":2},"end":{"line":129,"column":null}},"28":{"start":{"line":88,"column":4},"end":{"line":91,"column":null}},"29":{"start":{"line":89,"column":6},"end":{"line":89,"column":53}},"30":{"start":{"line":90,"column":6},"end":{"line":90,"column":13}},"31":{"start":{"line":93,"column":52},"end":{"line":93,"column":null}},"32":{"start":{"line":100,"column":4},"end":{"line":115,"column":null}},"33":{"start":{"line":107,"column":10},"end":{"line":110,"column":38}},"34":{"start":{"line":113,"column":6},"end":{"line":113,"column":72}},"35":{"start":{"line":114,"column":6},"end":{"line":114,"column":13}},"36":{"start":{"line":117,"column":20},"end":{"line":124,"column":18}},"37":{"start":{"line":126,"column":4},"end":{"line":126,"column":38}},"38":{"start":{"line":128,"column":4},"end":{"line":128,"column":14}},"39":{"start":{"line":82,"column":13},"end":{"line":82,"column":26}},"40":{"start":{"line":135,"column":28},"end":{"line":150,"column":1}},"41":{"start":{"line":140,"column":2},"end":{"line":149,"column":null}},"42":{"start":{"line":141,"column":4},"end":{"line":144,"column":null}},"43":{"start":{"line":142,"column":6},"end":{"line":142,"column":53}},"44":{"start":{"line":143,"column":6},"end":{"line":143,"column":13}},"45":{"start":{"line":145,"column":21},"end":{"line":145,"column":82}},"46":{"start":{"line":146,"column":4},"end":{"line":146,"column":27}},"47":{"start":{"line":148,"column":4},"end":{"line":148,"column":14}},"48":{"start":{"line":135,"column":13},"end":{"line":135,"column":28}}},"fnMap":{"0":{"name":"(anonymous_1)","decl":{"start":{"line":12,"column":31},"end":{"line":12,"column":36}},"loc":{"start":{"line":16,"column":19},"end":{"line":56,"column":1}}},"1":{"name":"(anonymous_2)","decl":{"start":{"line":61,"column":28},"end":{"line":61,"column":33}},"loc":{"start":{"line":65,"column":19},"end":{"line":76,"column":1}}},"2":{"name":"(anonymous_3)","decl":{"start":{"line":82,"column":26},"end":{"line":82,"column":31}},"loc":{"start":{"line":86,"column":19},"end":{"line":130,"column":1}}},"3":{"name":"(anonymous_4)","decl":{"start":{"line":106,"column":8},"end":{"line":106,"column":9}},"loc":{"start":{"line":107,"column":10},"end":{"line":110,"column":38}}},"4":{"name":"(anonymous_5)","decl":{"start":{"line":135,"column":28},"end":{"line":135,"column":33}},"loc":{"start":{"line":139,"column":19},"end":{"line":150,"column":1}}}},"branchMap":{"0":{"loc":{"start":{"line":18,"column":4},"end":{"line":21,"column":null}},"type":"if","locations":[{"start":{"line":18,"column":4},"end":{"line":21,"column":null}}]},"1":{"loc":{"start":{"line":24,"column":4},"end":{"line":27,"column":null}},"type":"if","locations":[{"start":{"line":24,"column":4},"end":{"line":27,"column":null}}]},"2":{"loc":{"start":{"line":24,"column":8},"end":{"line":24,"column":93}},"type":"binary-expr","locations":[{"start":{"line":24,"column":8},"end":{"line":24,"column":32}},{"start":{"line":24,"column":36},"end":{"line":24,"column":93}}]},"3":{"loc":{"start":{"line":31,"column":44},"end":{"line":31,"column":73}},"type":"cond-expr","locations":[{"start":{"line":31,"column":67},"end":{"line":31,"column":68}},{"start":{"line":31,"column":71},"end":{"line":31,"column":73}}]},"4":{"loc":{"start":{"line":32,"column":47},"end":{"line":32,"column":76}},"type":"cond-expr","locations":[{"start":{"line":32,"column":70},"end":{"line":32,"column":71}},{"start":{"line":32,"column":74},"end":{"line":32,"column":76}}]},"5":{"loc":{"start":{"line":33,"column":51},"end":{"line":33,"column":80}},"type":"cond-expr","locations":[{"start":{"line":33,"column":74},"end":{"line":33,"column":75}},{"start":{"line":33,"column":78},"end":{"line":33,"column":80}}]},"6":{"loc":{"start":{"line":34,"column":44},"end":{"line":34,"column":73}},"type":"cond-expr","locations":[{"start":{"line":34,"column":67},"end":{"line":34,"column":68}},{"start":{"line":34,"column":71},"end":{"line":34,"column":73}}]},"7":{"loc":{"start":{"line":35,"column":46},"end":{"line":35,"column":75}},"type":"cond-expr","locations":[{"start":{"line":35,"column":69},"end":{"line":35,"column":70}},{"start":{"line":35,"column":73},"end":{"line":35,"column":75}}]},"8":{"loc":{"start":{"line":36,"column":42},"end":{"line":36,"column":71}},"type":"cond-expr","locations":[{"start":{"line":36,"column":65},"end":{"line":36,"column":66}},{"start":{"line":36,"column":69},"end":{"line":36,"column":71}}]},"9":{"loc":{"start":{"line":37,"column":39},"end":{"line":37,"column":68}},"type":"cond-expr","locations":[{"start":{"line":37,"column":62},"end":{"line":37,"column":63}},{"start":{"line":37,"column":66},"end":{"line":37,"column":68}}]},"10":{"loc":{"start":{"line":38,"column":47},"end":{"line":38,"column":76}},"type":"cond-expr","locations":[{"start":{"line":38,"column":70},"end":{"line":38,"column":71}},{"start":{"line":38,"column":74},"end":{"line":38,"column":76}}]},"11":{"loc":{"start":{"line":39,"column":55},"end":{"line":39,"column":84}},"type":"cond-expr","locations":[{"start":{"line":39,"column":78},"end":{"line":39,"column":79}},{"start":{"line":39,"column":82},"end":{"line":39,"column":84}}]},"12":{"loc":{"start":{"line":40,"column":54},"end":{"line":40,"column":83}},"type":"cond-expr","locations":[{"start":{"line":40,"column":77},"end":{"line":40,"column":78}},{"start":{"line":40,"column":81},"end":{"line":40,"column":83}}]},"13":{"loc":{"start":{"line":41,"column":44},"end":{"line":41,"column":73}},"type":"cond-expr","locations":[{"start":{"line":41,"column":67},"end":{"line":41,"column":68}},{"start":{"line":41,"column":71},"end":{"line":41,"column":73}}]},"14":{"loc":{"start":{"line":42,"column":40},"end":{"line":42,"column":70}},"type":"cond-expr","locations":[{"start":{"line":42,"column":63},"end":{"line":42,"column":65}},{"start":{"line":42,"column":68},"end":{"line":42,"column":70}}]},"15":{"loc":{"start":{"line":43,"column":39},"end":{"line":43,"column":69}},"type":"cond-expr","locations":[{"start":{"line":43,"column":62},"end":{"line":43,"column":64}},{"start":{"line":43,"column":67},"end":{"line":43,"column":69}}]},"16":{"loc":{"start":{"line":67,"column":4},"end":{"line":70,"column":null}},"type":"if","locations":[{"start":{"line":67,"column":4},"end":{"line":70,"column":null}}]},"17":{"loc":{"start":{"line":88,"column":4},"end":{"line":91,"column":null}},"type":"if","locations":[{"start":{"line":88,"column":4},"end":{"line":91,"column":null}}]},"18":{"loc":{"start":{"line":100,"column":4},"end":{"line":115,"column":null}},"type":"if","locations":[{"start":{"line":100,"column":4},"end":{"line":115,"column":null}}]},"19":{"loc":{"start":{"line":101,"column":6},"end":{"line":110,"column":null}},"type":"binary-expr","locations":[{"start":{"line":101,"column":6},"end":{"line":101,"column":40}},{"start":{"line":102,"column":6},"end":{"line":102,"column":34}},{"start":{"line":103,"column":6},"end":{"line":103,"column":19}},{"start":{"line":104,"column":6},"end":{"line":104,"column":29}},{"start":{"line":105,"column":6},"end":{"line":110,"column":null}}]},"20":{"loc":{"start":{"line":107,"column":10},"end":{"line":110,"column":38}},"type":"binary-expr","locations":[{"start":{"line":107,"column":10},"end":{"line":107,"column":44}},{"start":{"line":108,"column":10},"end":{"line":108,"column":36}},{"start":{"line":109,"column":10},"end":{"line":109,"column":36}},{"start":{"line":110,"column":10},"end":{"line":110,"column":38}}]},"21":{"loc":{"start":{"line":141,"column":4},"end":{"line":144,"column":null}},"type":"if","locations":[{"start":{"line":141,"column":4},"end":{"line":144,"column":null}}]}},"s":{"0":1,"1":1,"2":1,"3":1,"4":1,"5":1,"6":0,"7":0,"8":1,"9":1,"10":0,"11":0,"12":1,"13":1,"14":1,"15":0,"16":1,"17":1,"18":1,"19":1,"20":0,"21":0,"22":1,"23":1,"24":0,"25":1,"26":1,"27":1,"28":1,"29":0,"30":0,"31":1,"32":1,"33":1,"34":0,"35":0,"36":1,"37":1,"38":0,"39":1,"40":1,"41":1,"42":1,"43":0,"44":0,"45":1,"46":1,"47":0,"48":1},"f":{"0":1,"1":1,"2":1,"3":1,"4":1},"b":{"0":[0],"1":[0],"2":[1,1],"3":[1,0],"4":[1,0],"5":[1,0],"6":[1,0],"7":[1,0],"8":[1,0],"9":[1,0],"10":[1,0],"11":[1,0],"12":[1,0],"13":[1,0],"14":[1,0],"15":[1,0],"16":[0],"17":[0],"18":[0],"19":[1,1,1,1,1],"20":[1,1,1,1],"21":[0]}}
,"C:\\Users\\Valdo\\Desktop\\vitalrack\\backend\\src\\middlewares\\auth.ts": {"path":"C:\\Users\\Valdo\\Desktop\\vitalrack\\backend\\src\\middlewares\\auth.ts","statementMap":{"0":{"start":{"line":2,"column":0},"end":{"line":2,"column":31}},"1":{"start":{"line":8,"column":27},"end":{"line":24,"column":1}},"2":{"start":{"line":9,"column":15},"end":{"line":9,"column":40}},"3":{"start":{"line":10,"column":2},"end":{"line":12,"column":null}},"4":{"start":{"line":11,"column":4},"end":{"line":11,"column":58}},"5":{"start":{"line":13,"column":16},"end":{"line":13,"column":34}},"6":{"start":{"line":14,"column":2},"end":{"line":23,"column":null}},"7":{"start":{"line":18,"column":20},"end":{"line":18,"column":76}},"8":{"start":{"line":19,"column":4},"end":{"line":19,"column":28}},"9":{"start":{"line":20,"column":4},"end":{"line":20,"column":11}},"10":{"start":{"line":22,"column":4},"end":{"line":22,"column":59}},"11":{"start":{"line":8,"column":13},"end":{"line":8,"column":27}}},"fnMap":{"0":{"name":"(anonymous_1)","decl":{"start":{"line":8,"column":27},"end":{"line":8,"column":28}},"loc":{"start":{"line":8,"column":83},"end":{"line":24,"column":1}}}},"branchMap":{"0":{"loc":{"start":{"line":10,"column":2},"end":{"line":12,"column":null}},"type":"if","locations":[{"start":{"line":10,"column":2},"end":{"line":12,"column":null}}]}},"s":{"0":1,"1":1,"2":4,"3":4,"4":0,"5":4,"6":4,"7":4,"8":4,"9":4,"10":0,"11":1},"f":{"0":4},"b":{"0":[0]}}
,"C:\\Users\\Valdo\\Desktop\\vitalrack\\backend\\src\\models\\Consumption.ts": {"path":"C:\\Users\\Valdo\\Desktop\\vitalrack\\backend\\src\\models\\Consumption.ts","statementMap":{"0":{"start":{"line":1,"column":0},"end":{"line":1,"column":58}},"1":{"start":{"line":10,"column":26},"end":{"line":17,"column":null}},"2":{"start":{"line":20,"column":0},"end":{"line":20,"column":69}}},"fnMap":{},"branchMap":{},"s":{"0":1,"1":1,"2":1},"f":{},"b":{}}
,"C:\\Users\\Valdo\\Desktop\\vitalrack\\backend\\src\\models\\Food.ts": {"path":"C:\\Users\\Valdo\\Desktop\\vitalrack\\backend\\src\\models\\Food.ts","statementMap":{"0":{"start":{"line":2,"column":0},"end":{"line":2,"column":51}},"1":{"start":{"line":15,"column":19},"end":{"line":24,"column":null}},"2":{"start":{"line":28,"column":0},"end":{"line":28,"column":35}},"3":{"start":{"line":30,"column":0},"end":{"line":30,"column":48}}},"fnMap":{},"branchMap":{},"s":{"0":1,"1":1,"2":1,"3":1},"f":{},"b":{}}
,"C:\\Users\\Valdo\\Desktop\\vitalrack\\backend\\src\\models\\Routine.ts": {"path":"C:\\Users\\Valdo\\Desktop\\vitalrack\\backend\\src\\models\\Routine.ts","statementMap":{"0":{"start":{"line":2,"column":0},"end":{"line":2,"column":58}},"1":{"start":{"line":19,"column":23},"end":{"line":26,"column":null}},"2":{"start":{"line":29,"column":22},"end":{"line":35,"column":null}},"3":{"start":{"line":38,"column":0},"end":{"line":38,"column":57}}},"fnMap":{},"branchMap":{},"s":{"0":1,"1":1,"2":1,"3":1},"f":{},"b":{}}
,"C:\\Users\\Valdo\\Desktop\\vitalrack\\backend\\src\\models\\Session.ts": {"path":"C:\\Users\\Valdo\\Desktop\\vitalrack\\backend\\src\\models\\Session.ts","statementMap":{"0":{"start":{"line":2,"column":0},"end":{"line":2,"column":58}},"1":{"start":{"line":22,"column":20},"end":{"line":29,"column":null}},"2":{"start":{"line":32,"column":22},"end":{"line":41,"column":null}},"3":{"start":{"line":44,"column":0},"end":{"line":44,"column":57}}},"fnMap":{},"branchMap":{},"s":{"0":1,"1":1,"2":1,"3":1},"f":{},"b":{}}
,"C:\\Users\\Valdo\\Desktop\\vitalrack\\backend\\src\\models\\User.ts": {"path":"C:\\Users\\Valdo\\Desktop\\vitalrack\\backend\\src\\models\\User.ts","statementMap":{"0":{"start":{"line":2,"column":0},"end":{"line":2,"column":51}},"1":{"start":{"line":3,"column":0},"end":{"line":3,"column":30}},"2":{"start":{"line":11,"column":19},"end":{"line":16,"column":null}},"3":{"start":{"line":20,"column":0},"end":{"line":25,"column":3}},"4":{"start":{"line":21,"column":2},"end":{"line":21,"column":50}},"5":{"start":{"line":21,"column":36},"end":{"line":21,"column":50}},"6":{"start":{"line":22,"column":15},"end":{"line":22,"column":39}},"7":{"start":{"line":23,"column":2},"end":{"line":23,"column":57}},"8":{"start":{"line":24,"column":2},"end":{"line":24,"column":9}},"9":{"start":{"line":27,"column":0},"end":{"line":29,"column":2}},"10":{"start":{"line":28,"column":2},"end":{"line":28,"column":50}},"11":{"start":{"line":31,"column":0},"end":{"line":31,"column":48}}},"fnMap":{"0":{"name":"(anonymous_1)","decl":{"start":{"line":20,"column":30},"end":{"line":20,"column":35}},"loc":{"start":{"line":20,"column":50},"end":{"line":25,"column":1}}},"1":{"name":"(anonymous_2)","decl":{"start":{"line":27,"column":37},"end":{"line":27,"column":60}},"loc":{"start":{"line":27,"column":77},"end":{"line":29,"column":1}}}},"branchMap":{"0":{"loc":{"start":{"line":21,"column":2},"end":{"line":21,"column":50}},"type":"if","locations":[{"start":{"line":21,"column":2},"end":{"line":21,"column":50}}]}},"s":{"0":1,"1":1,"2":1,"3":1,"4":1,"5":0,"6":1,"7":1,"8":1,"9":1,"10":0,"11":1},"f":{"0":1,"1":0},"b":{"0":[0]}}
,"C:\\Users\\Valdo\\Desktop\\vitalrack\\backend\\src\\routes\\auth.ts": {"path":"C:\\Users\\Valdo\\Desktop\\vitalrack\\backend\\src\\routes\\auth.ts","statementMap":{"0":{"start":{"line":2,"column":0},"end":{"line":2,"column":33}},"1":{"start":{"line":3,"column":0},"end":{"line":3,"column":64}},"2":{"start":{"line":5,"column":15},"end":{"line":5,"column":23}},"3":{"start":{"line":7,"column":0},"end":{"line":7,"column":35}},"4":{"start":{"line":8,"column":0},"end":{"line":8,"column":29}},"5":{"start":{"line":10,"column":0},"end":{"line":10,"column":22}}},"fnMap":{},"branchMap":{},"s":{"0":1,"1":1,"2":1,"3":1,"4":1,"5":1},"f":{},"b":{}}
,"C:\\Users\\Valdo\\Desktop\\vitalrack\\backend\\src\\routes\\nutrition.ts": {"path":"C:\\Users\\Valdo\\Desktop\\vitalrack\\backend\\src\\routes\\nutrition.ts","statementMap":{"0":{"start":{"line":2,"column":0},"end":{"line":2,"column":33}},"1":{"start":{"line":3,"column":0},"end":{"line":3,"column":76}},"2":{"start":{"line":4,"column":0},"end":{"line":4,"column":50}},"3":{"start":{"line":6,"column":15},"end":{"line":6,"column":23}},"4":{"start":{"line":8,"column":0},"end":{"line":8,"column":30}},"5":{"start":{"line":9,"column":0},"end":{"line":9,"column":49}},"6":{"start":{"line":11,"column":0},"end":{"line":11,"column":22}}},"fnMap":{},"branchMap":{},"s":{"0":1,"1":1,"2":1,"3":1,"4":1,"5":1,"6":1},"f":{},"b":{}}
,"C:\\Users\\Valdo\\Desktop\\vitalrack\\backend\\src\\routes\\training.ts": {"path":"C:\\Users\\Valdo\\Desktop\\vitalrack\\backend\\src\\routes\\training.ts","statementMap":{"0":{"start":{"line":2,"column":0},"end":{"line":2,"column":33}},"1":{"start":{"line":3,"column":0},"end":{"line":3,"column":null}},"2":{"start":{"line":9,"column":0},"end":{"line":9,"column":50}},"3":{"start":{"line":11,"column":15},"end":{"line":11,"column":23}},"4":{"start":{"line":13,"column":0},"end":{"line":13,"column":55}},"5":{"start":{"line":14,"column":0},"end":{"line":14,"column":51}},"6":{"start":{"line":15,"column":0},"end":{"line":15,"column":45}},"7":{"start":{"line":16,"column":0},"end":{"line":16,"column":51}},"8":{"start":{"line":18,"column":0},"end":{"line":18,"column":22}}},"fnMap":{},"branchMap":{},"s":{"0":1,"1":1,"2":1,"3":1,"4":1,"5":1,"6":1,"7":1,"8":1},"f":{},"b":{}}
,"C:\\Users\\Valdo\\Desktop\\vitalrack\\backend\\src\\services\\nutritionService.ts": {"path":"C:\\Users\\Valdo\\Desktop\\vitalrack\\backend\\src\\services\\nutritionService.ts","statementMap":{"0":{"start":{"line":2,"column":0},"end":{"line":2,"column":45}},"1":{"start":{"line":5,"column":27},"end":{"line":22,"column":2}},"2":{"start":{"line":24,"column":27},"end":{"line":44,"column":1}},"3":{"start":{"line":26,"column":17},"end":{"line":26,"column":73}},"4":{"start":{"line":27,"column":2},"end":{"line":30,"column":null}},"5":{"start":{"line":28,"column":4},"end":{"line":28,"column":66}},"6":{"start":{"line":29,"column":4},"end":{"line":29,"column":18}},"7":{"start":{"line":33,"column":2},"end":{"line":33,"column":68}},"8":{"start":{"line":34,"column":15},"end":{"line":34,"column":17}},"9":{"start":{"line":35,"column":2},"end":{"line":42,"column":null}},"10":{"start":{"line":36,"column":16},"end":{"line":39,"column":null}},"11":{"start":{"line":41,"column":4},"end":{"line":41,"column":19}},"12":{"start":{"line":43,"column":2},"end":{"line":43,"column":14}},"13":{"start":{"line":24,"column":13},"end":{"line":24,"column":27}}},"fnMap":{"0":{"name":"(anonymous_1)","decl":{"start":{"line":24,"column":27},"end":{"line":24,"column":32}},"loc":{"start":{"line":24,"column":69},"end":{"line":44,"column":1}}}},"branchMap":{"0":{"loc":{"start":{"line":27,"column":2},"end":{"line":30,"column":null}},"type":"if","locations":[{"start":{"line":27,"column":2},"end":{"line":30,"column":null}}]}},"s":{"0":1,"1":1,"2":1,"3":0,"4":0,"5":0,"6":0,"7":0,"8":0,"9":0,"10":0,"11":0,"12":0,"13":1},"f":{"0":0},"b":{"0":[0]}}
}
