TN:
SF:src\app.ts
FN:21,(anonymous_1)
FNF:1
FNH:0
FNDA:0,(anonymous_1)
DA:2,1
DA:3,1
DA:5,1
DA:6,1
DA:7,1
DA:8,1
DA:10,1
DA:13,1
DA:16,1
DA:17,1
DA:18,1
DA:21,1
DA:22,0
DA:23,0
DA:26,1
LF:15
LH:13
BRF:0
BRH:0
end_of_record
TN:
SF:src\controllers\authController.ts
FN:8,(anonymous_1)
FN:28,(anonymous_2)
FNF:2
FNH:1
FNDA:1,(anonymous_1)
FNDA:0,(anonymous_2)
DA:3,1
DA:4,1
DA:6,1
DA:8,1
DA:9,1
DA:10,1
DA:11,1
DA:12,0
DA:13,0
DA:15,1
DA:16,0
DA:17,0
DA:19,1
DA:20,1
DA:21,1
DA:22,1
DA:24,0
DA:28,1
DA:29,0
DA:30,0
DA:31,0
DA:32,0
DA:33,0
DA:35,0
DA:36,0
DA:37,0
DA:38,0
DA:40,0
DA:41,0
DA:42,0
DA:44,0
LF:31
LH:13
BRDA:11,0,0,0
BRDA:11,1,0,1
BRDA:11,1,1,1
BRDA:15,2,0,0
BRDA:31,3,0,0
BRDA:31,4,0,0
BRDA:31,4,1,0
BRDA:36,5,0,0
BRDA:36,6,0,0
BRDA:36,6,1,0
BRF:10
BRH:2
end_of_record
TN:
SF:src\controllers\nutritionController.ts
FN:11,(anonymous_1)
FN:35,(anonymous_2)
FNF:2
FNH:0
FNDA:0,(anonymous_1)
FNDA:0,(anonymous_2)
DA:3,1
DA:4,1
DA:5,1
DA:11,1
DA:16,0
DA:17,0
DA:18,0
DA:19,0
DA:20,0
DA:23,0
DA:24,0
DA:26,0
DA:35,1
DA:40,0
DA:42,0
DA:43,0
DA:44,0
DA:47,0
DA:50,0
DA:56,0
DA:59,0
DA:63,0
DA:70,0
DA:72,0
LF:24
LH:5
BRDA:18,0,0,0
BRDA:42,1,0,0
BRDA:50,2,0,0
BRDA:51,3,0,0
BRDA:51,3,1,0
BRDA:51,3,2,0
BRDA:51,3,3,0
BRF:7
BRH:0
end_of_record
TN:
SF:src\controllers\trainingController.ts
FN:12,(anonymous_1)
FN:51,(anonymous_2)
FN:72,(anonymous_3)
FN:95,(anonymous_4)
FN:119,(anonymous_5)
FNF:5
FNH:5
FNDA:1,(anonymous_1)
FNDA:1,(anonymous_2)
FNDA:1,(anonymous_3)
FNDA:1,(anonymous_4)
FNDA:1,(anonymous_5)
DA:3,1
DA:4,1
DA:5,1
DA:12,1
DA:17,1
DA:18,1
DA:19,0
DA:20,0
DA:23,1
DA:24,1
DA:25,0
DA:26,0
DA:30,1
DA:36,1
DA:42,1
DA:44,0
DA:51,1
DA:56,1
DA:57,1
DA:58,0
DA:59,0
DA:61,1
DA:62,1
DA:64,0
DA:72,1
DA:77,1
DA:78,1
DA:79,0
DA:80,0
DA:83,1
DA:90,1
DA:95,1
DA:97,0
DA:98,0
DA:101,1
DA:110,1
DA:112,0
DA:119,1
DA:124,1
DA:125,1
DA:126,0
DA:127,0
DA:129,1
DA:130,1
DA:132,0
LF:45
LH:29
BRDA:18,0,0,0
BRDA:24,1,0,0
BRDA:24,2,0,1
BRDA:24,2,1,1
BRDA:31,3,0,1
BRDA:31,3,1,0
BRDA:32,4,0,1
BRDA:32,4,1,0
BRDA:33,5,0,1
BRDA:33,5,1,0
BRDA:57,6,0,0
BRDA:78,7,0,0
BRDA:90,8,0,0
BRDA:91,9,0,1
BRDA:91,9,1,1
BRDA:91,9,2,1
BRDA:91,9,3,1
BRDA:91,9,4,1
BRDA:95,10,0,1
BRDA:95,10,1,1
BRDA:95,10,2,1
BRDA:95,10,3,1
BRDA:125,11,0,0
BRF:23
BRH:14
end_of_record
TN:
SF:src\middlewares\auth.ts
FN:8,(anonymous_1)
FNF:1
FNH:1
FNDA:4,(anonymous_1)
DA:2,1
DA:8,1
DA:13,4
DA:14,4
DA:15,0
DA:17,4
DA:18,4
DA:19,4
DA:20,4
DA:21,4
DA:23,0
LF:11
LH:9
BRDA:14,0,0,0
BRF:1
BRH:0
end_of_record
TN:
SF:src\models\Consumption.ts
FNF:0
FNH:0
DA:1,1
DA:10,1
DA:20,1
LF:3
LH:3
BRF:0
BRH:0
end_of_record
TN:
SF:src\models\Food.ts
FNF:0
FNH:0
DA:2,1
DA:15,1
DA:28,1
DA:30,1
LF:4
LH:4
BRF:0
BRH:0
end_of_record
TN:
SF:src\models\Routine.ts
FNF:0
FNH:0
DA:2,1
DA:19,1
DA:29,1
DA:38,1
LF:4
LH:4
BRF:0
BRH:0
end_of_record
TN:
SF:src\models\Session.ts
FNF:0
FNH:0
DA:2,1
DA:22,1
DA:32,1
DA:44,1
LF:4
LH:4
BRF:0
BRH:0
end_of_record
TN:
SF:src\models\User.ts
FN:20,(anonymous_1)
FN:27,(anonymous_2)
FNF:2
FNH:1
FNDA:1,(anonymous_1)
FNDA:0,(anonymous_2)
DA:2,1
DA:3,1
DA:11,1
DA:20,1
DA:21,1
DA:22,1
DA:23,1
DA:24,1
DA:27,1
DA:31,0
DA:34,1
LF:11
LH:10
BRDA:21,0,0,0
BRF:1
BRH:0
end_of_record
TN:
SF:src\routes\auth.ts
FNF:0
FNH:0
DA:2,1
DA:3,1
DA:5,1
DA:7,1
DA:8,1
DA:10,1
LF:6
LH:6
BRF:0
BRH:0
end_of_record
TN:
SF:src\routes\nutrition.ts
FNF:0
FNH:0
DA:2,1
DA:3,1
DA:4,1
DA:6,1
DA:8,1
DA:9,1
DA:11,1
LF:7
LH:7
BRF:0
BRH:0
end_of_record
TN:
SF:src\routes\training.ts
FNF:0
FNH:0
DA:2,1
DA:3,1
DA:9,1
DA:11,1
DA:13,1
DA:14,1
DA:15,1
DA:16,1
DA:18,1
LF:9
LH:9
BRF:0
BRH:0
end_of_record
TN:
SF:src\services\nutritionService.ts
FN:24,(anonymous_1)
FNF:1
FNH:0
FNDA:0,(anonymous_1)
DA:2,1
DA:5,1
DA:24,1
DA:26,0
DA:27,0
DA:28,0
DA:29,0
DA:33,0
DA:34,0
DA:35,0
DA:36,0
DA:41,0
DA:43,0
LF:13
LH:3
BRDA:27,0,0,0
BRF:1
BRH:0
end_of_record
